{"/Users/taesoonpark/workspace/svg2tsx/src/entities/options/model/store.ts": {"path":"/Users/taesoonpark/workspace/svg2tsx/src/entities/options/model/store.ts","statementMap":{"0":{"start":{"line":21,"column":13},"end":{"line":53,"column":null}},"1":{"start":{"line":21,"column":62},"end":{"line":53,"column":2}},"2":{"start":{"line":26,"column":4},"end":{"line":33,"column":null}},"3":{"start":{"line":26,"column":20},"end":{"line":33,"column":6}},"4":{"start":{"line":30,"column":56},"end":{"line":30,"column":71}},"5":{"start":{"line":37,"column":4},"end":{"line":44,"column":null}},"6":{"start":{"line":37,"column":20},"end":{"line":44,"column":6}},"7":{"start":{"line":41,"column":56},"end":{"line":41,"column":71}},"8":{"start":{"line":48,"column":4},"end":{"line":51,"column":null}}},"fnMap":{"0":{"name":"(anonymous_0)","decl":{"start":{"line":21,"column":52},"end":{"line":21,"column":53}},"loc":{"start":{"line":21,"column":62},"end":{"line":53,"column":2}},"line":21},"1":{"name":"(anonymous_1)","decl":{"start":{"line":25,"column":14},"end":{"line":25,"column":15}},"loc":{"start":{"line":25,"column":58},"end":{"line":34,"column":null}},"line":25},"2":{"name":"(anonymous_2)","decl":{"start":{"line":26,"column":8},"end":{"line":26,"column":9}},"loc":{"start":{"line":26,"column":20},"end":{"line":33,"column":6}},"line":26},"3":{"name":"(anonymous_3)","decl":{"start":{"line":30,"column":44},"end":{"line":30,"column":45}},"loc":{"start":{"line":30,"column":56},"end":{"line":30,"column":71}},"line":30},"4":{"name":"(anonymous_4)","decl":{"start":{"line":36,"column":26},"end":{"line":36,"column":27}},"loc":{"start":{"line":36,"column":69},"end":{"line":45,"column":null}},"line":36},"5":{"name":"(anonymous_5)","decl":{"start":{"line":37,"column":8},"end":{"line":37,"column":9}},"loc":{"start":{"line":37,"column":20},"end":{"line":44,"column":6}},"line":37},"6":{"name":"(anonymous_6)","decl":{"start":{"line":41,"column":44},"end":{"line":41,"column":45}},"loc":{"start":{"line":41,"column":56},"end":{"line":41,"column":71}},"line":41},"7":{"name":"(anonymous_7)","decl":{"start":{"line":47,"column":9},"end":{"line":47,"column":15}},"loc":{"start":{"line":47,"column":15},"end":{"line":52,"column":null}},"line":47}},"branchMap":{},"s":{"0":2,"1":2,"2":10,"3":10,"4":14,"5":4,"6":4,"7":8,"8":15},"f":{"0":2,"1":10,"2":10,"3":14,"4":4,"5":4,"6":8,"7":15},"b":{},"meta":{"lastBranch":0,"lastFunction":8,"lastStatement":9,"seen":{"s:21:13:53:Infinity":0,"f:21:52:21:53":0,"s:21:62:53:2":1,"f:25:14:25:15":1,"s:26:4:33:Infinity":2,"f:26:8:26:9":2,"s:26:20:33:6":3,"f:30:44:30:45":3,"s:30:56:30:71":4,"f:36:26:36:27":4,"s:37:4:44:Infinity":5,"f:37:8:37:9":5,"s:37:20:44:6":6,"f:41:44:41:45":6,"s:41:56:41:71":7,"f:47:9:47:15":7,"s:48:4:51:Infinity":8}}}
,"/Users/taesoonpark/workspace/svg2tsx/src/entities/options/model/types.ts": {"path":"/Users/taesoonpark/workspace/svg2tsx/src/entities/options/model/types.ts","statementMap":{"0":{"start":{"line":31,"column":61},"end":{"line":38,"column":null}},"1":{"start":{"line":41,"column":59},"end":{"line":48,"column":null}}},"fnMap":{},"branchMap":{},"s":{"0":2,"1":2},"f":{},"b":{},"meta":{"lastBranch":0,"lastFunction":0,"lastStatement":2,"seen":{"s:31:61:38:Infinity":0,"s:41:59:48:Infinity":1}}}
,"/Users/taesoonpark/workspace/svg2tsx/src/entities/svg/model/optimizer.ts": {"path":"/Users/taesoonpark/workspace/svg2tsx/src/entities/svg/model/optimizer.ts","statementMap":{"0":{"start":{"line":17,"column":28},"end":{"line":20,"column":null}},"1":{"start":{"line":22,"column":2},"end":{"line":22,"column":null}},"2":{"start":{"line":30,"column":19},"end":{"line":30,"column":null}},"3":{"start":{"line":32,"column":2},"end":{"line":34,"column":null}},"4":{"start":{"line":33,"column":4},"end":{"line":33,"column":null}},"5":{"start":{"line":36,"column":2},"end":{"line":38,"column":null}},"6":{"start":{"line":37,"column":4},"end":{"line":37,"column":null}},"7":{"start":{"line":40,"column":2},"end":{"line":42,"column":null}},"8":{"start":{"line":41,"column":4},"end":{"line":41,"column":null}},"9":{"start":{"line":44,"column":2},"end":{"line":46,"column":null}},"10":{"start":{"line":45,"column":4},"end":{"line":45,"column":null}},"11":{"start":{"line":49,"column":17},"end":{"line":49,"column":null}},"12":{"start":{"line":49,"column":44},"end":{"line":49,"column":72}},"13":{"start":{"line":52,"column":2},"end":{"line":54,"column":null}},"14":{"start":{"line":53,"column":4},"end":{"line":53,"column":null}},"15":{"start":{"line":56,"column":2},"end":{"line":60,"column":null}},"16":{"start":{"line":67,"column":2},"end":{"line":67,"column":null}},"17":{"start":{"line":67,"column":35},"end":{"line":67,"column":65}},"18":{"start":{"line":74,"column":2},"end":{"line":74,"column":null}},"19":{"start":{"line":74,"column":35},"end":{"line":74,"column":53}},"20":{"start":{"line":81,"column":50},"end":{"line":84,"column":null}},"21":{"start":{"line":86,"column":2},"end":{"line":90,"column":null}},"22":{"start":{"line":87,"column":21},"end":{"line":87,"column":null}},"23":{"start":{"line":88,"column":4},"end":{"line":88,"column":null}},"24":{"start":{"line":88,"column":19},"end":{"line":88,"column":null}},"25":{"start":{"line":89,"column":4},"end":{"line":89,"column":null}},"26":{"start":{"line":97,"column":2},"end":{"line":111,"column":null}},"27":{"start":{"line":98,"column":4},"end":{"line":98,"column":null}},"28":{"start":{"line":98,"column":35},"end":{"line":98,"column":null}},"29":{"start":{"line":101,"column":18},"end":{"line":101,"column":null}},"30":{"start":{"line":102,"column":4},"end":{"line":108,"column":null}},"31":{"start":{"line":107,"column":6},"end":{"line":107,"column":null}},"32":{"start":{"line":110,"column":4},"end":{"line":110,"column":null}},"33":{"start":{"line":118,"column":2},"end":{"line":127,"column":null}},"34":{"start":{"line":120,"column":4},"end":{"line":120,"column":null}},"35":{"start":{"line":120,"column":31},"end":{"line":120,"column":null}},"36":{"start":{"line":123,"column":4},"end":{"line":123,"column":null}},"37":{"start":{"line":123,"column":35},"end":{"line":123,"column":null}},"38":{"start":{"line":126,"column":4},"end":{"line":126,"column":null}}},"fnMap":{"0":{"name":"optimizeSvgAst","decl":{"start":{"line":12,"column":16},"end":{"line":12,"column":null}},"loc":{"start":{"line":15,"column":10},"end":{"line":23,"column":null}},"line":15},"1":{"name":"optimizeNode","decl":{"start":{"line":28,"column":9},"end":{"line":28,"column":22}},"loc":{"start":{"line":28,"column":73},"end":{"line":61,"column":null}},"line":28},"2":{"name":"(anonymous_2)","decl":{"start":{"line":49,"column":35},"end":{"line":49,"column":44}},"loc":{"start":{"line":49,"column":44},"end":{"line":49,"column":72}},"line":49},"3":{"name":"removeDataAttributes","decl":{"start":{"line":66,"column":9},"end":{"line":66,"column":30}},"loc":{"start":{"line":66,"column":74},"end":{"line":68,"column":null}},"line":66},"4":{"name":"(anonymous_4)","decl":{"start":{"line":67,"column":27},"end":{"line":67,"column":35}},"loc":{"start":{"line":67,"column":35},"end":{"line":67,"column":65}},"line":67},"5":{"name":"removeIdAttributes","decl":{"start":{"line":73,"column":9},"end":{"line":73,"column":28}},"loc":{"start":{"line":73,"column":72},"end":{"line":75,"column":null}},"line":73},"6":{"name":"(anonymous_6)","decl":{"start":{"line":74,"column":27},"end":{"line":74,"column":35}},"loc":{"start":{"line":74,"column":35},"end":{"line":74,"column":53}},"line":74},"7":{"name":"removeDefaultAttributes","decl":{"start":{"line":80,"column":9},"end":{"line":80,"column":33}},"loc":{"start":{"line":80,"column":77},"end":{"line":91,"column":null}},"line":80},"8":{"name":"(anonymous_8)","decl":{"start":{"line":86,"column":27},"end":{"line":86,"column":35}},"loc":{"start":{"line":86,"column":35},"end":{"line":90,"column":3}},"line":86},"9":{"name":"optimizeTransformAttributes","decl":{"start":{"line":96,"column":9},"end":{"line":96,"column":37}},"loc":{"start":{"line":96,"column":81},"end":{"line":112,"column":null}},"line":96},"10":{"name":"(anonymous_10)","decl":{"start":{"line":97,"column":27},"end":{"line":97,"column":35}},"loc":{"start":{"line":97,"column":35},"end":{"line":111,"column":3}},"line":97},"11":{"name":"removeEmptyGroups","decl":{"start":{"line":117,"column":9},"end":{"line":117,"column":27}},"loc":{"start":{"line":117,"column":59},"end":{"line":128,"column":null}},"line":117},"12":{"name":"(anonymous_12)","decl":{"start":{"line":118,"column":25},"end":{"line":118,"column":34}},"loc":{"start":{"line":118,"column":34},"end":{"line":127,"column":3}},"line":118}},"branchMap":{"0":{"loc":{"start":{"line":14,"column":2},"end":{"line":14,"column":null}},"type":"default-arg","locations":[{"start":{"line":14,"column":30},"end":{"line":14,"column":null}}],"line":14},"1":{"loc":{"start":{"line":32,"column":2},"end":{"line":34,"column":null}},"type":"if","locations":[{"start":{"line":32,"column":2},"end":{"line":34,"column":null}},{"start":{},"end":{}}],"line":32},"2":{"loc":{"start":{"line":36,"column":2},"end":{"line":38,"column":null}},"type":"if","locations":[{"start":{"line":36,"column":2},"end":{"line":38,"column":null}},{"start":{},"end":{}}],"line":36},"3":{"loc":{"start":{"line":40,"column":2},"end":{"line":42,"column":null}},"type":"if","locations":[{"start":{"line":40,"column":2},"end":{"line":42,"column":null}},{"start":{},"end":{}}],"line":40},"4":{"loc":{"start":{"line":44,"column":2},"end":{"line":46,"column":null}},"type":"if","locations":[{"start":{"line":44,"column":2},"end":{"line":46,"column":null}},{"start":{},"end":{}}],"line":44},"5":{"loc":{"start":{"line":52,"column":2},"end":{"line":54,"column":null}},"type":"if","locations":[{"start":{"line":52,"column":2},"end":{"line":54,"column":null}},{"start":{},"end":{}}],"line":52},"6":{"loc":{"start":{"line":88,"column":4},"end":{"line":88,"column":null}},"type":"if","locations":[{"start":{"line":88,"column":4},"end":{"line":88,"column":null}},{"start":{},"end":{}}],"line":88},"7":{"loc":{"start":{"line":98,"column":4},"end":{"line":98,"column":null}},"type":"if","locations":[{"start":{"line":98,"column":4},"end":{"line":98,"column":null}},{"start":{},"end":{}}],"line":98},"8":{"loc":{"start":{"line":102,"column":4},"end":{"line":108,"column":null}},"type":"if","locations":[{"start":{"line":102,"column":4},"end":{"line":108,"column":null}},{"start":{},"end":{}}],"line":102},"9":{"loc":{"start":{"line":103,"column":6},"end":{"line":105,"column":null}},"type":"binary-expr","locations":[{"start":{"line":103,"column":6},"end":{"line":103,"column":null}},{"start":{"line":104,"column":6},"end":{"line":104,"column":null}},{"start":{"line":105,"column":6},"end":{"line":105,"column":null}}],"line":103},"10":{"loc":{"start":{"line":120,"column":4},"end":{"line":120,"column":null}},"type":"if","locations":[{"start":{"line":120,"column":4},"end":{"line":120,"column":null}},{"start":{},"end":{}}],"line":120},"11":{"loc":{"start":{"line":123,"column":4},"end":{"line":123,"column":null}},"type":"if","locations":[{"start":{"line":123,"column":4},"end":{"line":123,"column":null}},{"start":{},"end":{}}],"line":123}},"s":{"0":18,"1":18,"2":51,"3":51,"4":18,"5":51,"6":15,"7":51,"8":14,"9":51,"10":19,"11":51,"12":33,"13":51,"14":22,"15":51,"16":18,"17":48,"18":15,"19":24,"20":14,"21":14,"22":19,"23":19,"24":11,"25":8,"26":19,"27":16,"28":11,"29":5,"30":5,"31":4,"32":1,"33":22,"34":16,"35":8,"36":8,"37":2,"38":6},"f":{"0":18,"1":51,"2":33,"3":18,"4":48,"5":15,"6":24,"7":14,"8":19,"9":19,"10":16,"11":22,"12":16},"b":{"0":[18],"1":[18,33],"2":[15,36],"3":[14,37],"4":[19,32],"5":[22,29],"6":[11,8],"7":[11,5],"8":[4,1],"9":[5,2,1],"10":[8,8],"11":[2,6]},"meta":{"lastBranch":12,"lastFunction":13,"lastStatement":39,"seen":{"f:12:16:12:Infinity":0,"b:14:30:14:Infinity":0,"s:17:28:20:Infinity":0,"s:22:2:22:Infinity":1,"f:28:9:28:22":1,"s:30:19:30:Infinity":2,"b:32:2:34:Infinity:undefined:undefined:undefined:undefined":1,"s:32:2:34:Infinity":3,"s:33:4:33:Infinity":4,"b:36:2:38:Infinity:undefined:undefined:undefined:undefined":2,"s:36:2:38:Infinity":5,"s:37:4:37:Infinity":6,"b:40:2:42:Infinity:undefined:undefined:undefined:undefined":3,"s:40:2:42:Infinity":7,"s:41:4:41:Infinity":8,"b:44:2:46:Infinity:undefined:undefined:undefined:undefined":4,"s:44:2:46:Infinity":9,"s:45:4:45:Infinity":10,"s:49:17:49:Infinity":11,"f:49:35:49:44":2,"s:49:44:49:72":12,"b:52:2:54:Infinity:undefined:undefined:undefined:undefined":5,"s:52:2:54:Infinity":13,"s:53:4:53:Infinity":14,"s:56:2:60:Infinity":15,"f:66:9:66:30":3,"s:67:2:67:Infinity":16,"f:67:27:67:35":4,"s:67:35:67:65":17,"f:73:9:73:28":5,"s:74:2:74:Infinity":18,"f:74:27:74:35":6,"s:74:35:74:53":19,"f:80:9:80:33":7,"s:81:50:84:Infinity":20,"s:86:2:90:Infinity":21,"f:86:27:86:35":8,"s:87:21:87:Infinity":22,"b:88:4:88:Infinity:undefined:undefined:undefined:undefined":6,"s:88:4:88:Infinity":23,"s:88:19:88:Infinity":24,"s:89:4:89:Infinity":25,"f:96:9:96:37":9,"s:97:2:111:Infinity":26,"f:97:27:97:35":10,"b:98:4:98:Infinity:undefined:undefined:undefined:undefined":7,"s:98:4:98:Infinity":27,"s:98:35:98:Infinity":28,"s:101:18:101:Infinity":29,"b:102:4:108:Infinity:undefined:undefined:undefined:undefined":8,"s:102:4:108:Infinity":30,"b:103:6:103:Infinity:104:6:104:Infinity:105:6:105:Infinity":9,"s:107:6:107:Infinity":31,"s:110:4:110:Infinity":32,"f:117:9:117:27":11,"s:118:2:127:Infinity":33,"f:118:25:118:34":12,"b:120:4:120:Infinity:undefined:undefined:undefined:undefined":10,"s:120:4:120:Infinity":34,"s:120:31:120:Infinity":35,"b:123:4:123:Infinity:undefined:undefined:undefined:undefined":11,"s:123:4:123:Infinity":36,"s:123:35:123:Infinity":37,"s:126:4:126:Infinity":38}}}
,"/Users/taesoonpark/workspace/svg2tsx/src/entities/svg/model/parser.ts": {"path":"/Users/taesoonpark/workspace/svg2tsx/src/entities/svg/model/parser.ts","statementMap":{"0":{"start":{"line":15,"column":2},"end":{"line":17,"column":null}},"1":{"start":{"line":16,"column":4},"end":{"line":16,"column":null}},"2":{"start":{"line":20,"column":21},"end":{"line":20,"column":null}},"3":{"start":{"line":21,"column":2},"end":{"line":26,"column":null}},"4":{"start":{"line":22,"column":4},"end":{"line":25,"column":null}},"5":{"start":{"line":29,"column":17},"end":{"line":29,"column":null}},"6":{"start":{"line":30,"column":14},"end":{"line":30,"column":null}},"7":{"start":{"line":33,"column":22},"end":{"line":33,"column":null}},"8":{"start":{"line":34,"column":2},"end":{"line":36,"column":null}},"9":{"start":{"line":35,"column":4},"end":{"line":35,"column":null}},"10":{"start":{"line":39,"column":21},"end":{"line":39,"column":null}},"11":{"start":{"line":40,"column":2},"end":{"line":42,"column":null}},"12":{"start":{"line":41,"column":4},"end":{"line":41,"column":null}},"13":{"start":{"line":45,"column":19},"end":{"line":45,"column":null}},"14":{"start":{"line":48,"column":15},"end":{"line":48,"column":null}},"15":{"start":{"line":50,"column":2},"end":{"line":53,"column":null}},"16":{"start":{"line":60,"column":32},"end":{"line":60,"column":null}},"17":{"start":{"line":62,"column":18},"end":{"line":62,"column":null}},"18":{"start":{"line":63,"column":2},"end":{"line":63,"column":null}},"19":{"start":{"line":63,"column":15},"end":{"line":63,"column":null}},"20":{"start":{"line":65,"column":16},"end":{"line":65,"column":null}},"21":{"start":{"line":66,"column":2},"end":{"line":66,"column":null}},"22":{"start":{"line":66,"column":13},"end":{"line":66,"column":null}},"23":{"start":{"line":68,"column":16},"end":{"line":68,"column":null}},"24":{"start":{"line":69,"column":2},"end":{"line":69,"column":null}},"25":{"start":{"line":69,"column":13},"end":{"line":69,"column":null}},"26":{"start":{"line":71,"column":17},"end":{"line":71,"column":null}},"27":{"start":{"line":72,"column":2},"end":{"line":72,"column":null}},"28":{"start":{"line":72,"column":14},"end":{"line":72,"column":null}},"29":{"start":{"line":74,"column":2},"end":{"line":74,"column":null}},"30":{"start":{"line":81,"column":18},"end":{"line":81,"column":null}},"31":{"start":{"line":82,"column":21},"end":{"line":82,"column":null}},"32":{"start":{"line":83,"column":19},"end":{"line":83,"column":null}},"33":{"start":{"line":85,"column":2},"end":{"line":90,"column":null}},"34":{"start":{"line":97,"column":37},"end":{"line":97,"column":null}},"35":{"start":{"line":99,"column":2},"end":{"line":105,"column":null}},"36":{"start":{"line":99,"column":15},"end":{"line":99,"column":18}},"37":{"start":{"line":100,"column":17},"end":{"line":100,"column":null}},"38":{"start":{"line":101,"column":4},"end":{"line":104,"column":null}},"39":{"start":{"line":107,"column":2},"end":{"line":107,"column":null}},"40":{"start":{"line":114,"column":30},"end":{"line":114,"column":null}},"41":{"start":{"line":116,"column":2},"end":{"line":136,"column":null}},"42":{"start":{"line":116,"column":15},"end":{"line":116,"column":18}},"43":{"start":{"line":117,"column":18},"end":{"line":117,"column":null}},"44":{"start":{"line":119,"column":4},"end":{"line":134,"column":null}},"45":{"start":{"line":121,"column":6},"end":{"line":121,"column":null}},"46":{"start":{"line":122,"column":4},"end":{"line":134,"column":null}},"47":{"start":{"line":124,"column":26},"end":{"line":124,"column":null}},"48":{"start":{"line":125,"column":6},"end":{"line":133,"column":null}},"49":{"start":{"line":126,"column":8},"end":{"line":132,"column":null}},"50":{"start":{"line":138,"column":2},"end":{"line":138,"column":null}}},"fnMap":{"0":{"name":"parseSvg","decl":{"start":{"line":13,"column":16},"end":{"line":13,"column":25}},"loc":{"start":{"line":13,"column":52},"end":{"line":54,"column":null}},"line":13},"1":{"name":"extractMetadata","decl":{"start":{"line":59,"column":9},"end":{"line":59,"column":25}},"loc":{"start":{"line":59,"column":59},"end":{"line":75,"column":null}},"line":59},"2":{"name":"elementToNode","decl":{"start":{"line":80,"column":9},"end":{"line":80,"column":23}},"loc":{"start":{"line":80,"column":50},"end":{"line":91,"column":null}},"line":80},"3":{"name":"extractAttributes","decl":{"start":{"line":96,"column":9},"end":{"line":96,"column":27}},"loc":{"start":{"line":96,"column":61},"end":{"line":108,"column":null}},"line":96},"4":{"name":"extractChildren","decl":{"start":{"line":113,"column":9},"end":{"line":113,"column":25}},"loc":{"start":{"line":113,"column":54},"end":{"line":139,"column":null}},"line":113}},"branchMap":{"0":{"loc":{"start":{"line":15,"column":2},"end":{"line":17,"column":null}},"type":"if","locations":[{"start":{"line":15,"column":2},"end":{"line":17,"column":null}},{"start":{},"end":{}}],"line":15},"1":{"loc":{"start":{"line":15,"column":6},"end":{"line":15,"column":51}},"type":"binary-expr","locations":[{"start":{"line":15,"column":6},"end":{"line":15,"column":20}},{"start":{"line":15,"column":20},"end":{"line":15,"column":51}}],"line":15},"2":{"loc":{"start":{"line":21,"column":2},"end":{"line":26,"column":null}},"type":"if","locations":[{"start":{"line":21,"column":2},"end":{"line":26,"column":null}},{"start":{},"end":{}}],"line":21},"3":{"loc":{"start":{"line":21,"column":6},"end":{"line":21,"column":80}},"type":"binary-expr","locations":[{"start":{"line":21,"column":6},"end":{"line":21,"column":41}},{"start":{"line":21,"column":41},"end":{"line":21,"column":80}}],"line":21},"4":{"loc":{"start":{"line":34,"column":2},"end":{"line":36,"column":null}},"type":"if","locations":[{"start":{"line":34,"column":2},"end":{"line":36,"column":null}},{"start":{},"end":{}}],"line":34},"5":{"loc":{"start":{"line":40,"column":2},"end":{"line":42,"column":null}},"type":"if","locations":[{"start":{"line":40,"column":2},"end":{"line":42,"column":null}},{"start":{},"end":{}}],"line":40},"6":{"loc":{"start":{"line":40,"column":6},"end":{"line":40,"column":65}},"type":"binary-expr","locations":[{"start":{"line":40,"column":6},"end":{"line":40,"column":21}},{"start":{"line":40,"column":21},"end":{"line":40,"column":65}}],"line":40},"7":{"loc":{"start":{"line":63,"column":2},"end":{"line":63,"column":null}},"type":"if","locations":[{"start":{"line":63,"column":2},"end":{"line":63,"column":null}},{"start":{},"end":{}}],"line":63},"8":{"loc":{"start":{"line":66,"column":2},"end":{"line":66,"column":null}},"type":"if","locations":[{"start":{"line":66,"column":2},"end":{"line":66,"column":null}},{"start":{},"end":{}}],"line":66},"9":{"loc":{"start":{"line":69,"column":2},"end":{"line":69,"column":null}},"type":"if","locations":[{"start":{"line":69,"column":2},"end":{"line":69,"column":null}},{"start":{},"end":{}}],"line":69},"10":{"loc":{"start":{"line":72,"column":2},"end":{"line":72,"column":null}},"type":"if","locations":[{"start":{"line":72,"column":2},"end":{"line":72,"column":null}},{"start":{},"end":{}}],"line":72},"11":{"loc":{"start":{"line":119,"column":4},"end":{"line":134,"column":null}},"type":"if","locations":[{"start":{"line":119,"column":4},"end":{"line":134,"column":null}},{"start":{"line":122,"column":4},"end":{"line":134,"column":null}}],"line":119},"12":{"loc":{"start":{"line":122,"column":4},"end":{"line":134,"column":null}},"type":"if","locations":[{"start":{"line":122,"column":4},"end":{"line":134,"column":null}},{"start":{},"end":{}}],"line":122},"13":{"loc":{"start":{"line":125,"column":6},"end":{"line":133,"column":null}},"type":"if","locations":[{"start":{"line":125,"column":6},"end":{"line":133,"column":null}},{"start":{},"end":{}}],"line":125}},"s":{"0":59,"1":1,"2":58,"3":58,"4":1,"5":58,"6":58,"7":58,"8":58,"9":2,"10":56,"11":56,"12":1,"13":55,"14":55,"15":55,"16":55,"17":55,"18":55,"19":5,"20":55,"21":55,"22":2,"23":55,"24":55,"25":8,"26":55,"27":55,"28":8,"29":55,"30":129,"31":129,"32":129,"33":129,"34":129,"35":129,"36":129,"37":144,"38":144,"39":129,"40":129,"41":129,"42":129,"43":108,"44":108,"45":74,"46":34,"47":32,"48":32,"49":2,"50":129},"f":{"0":59,"1":55,"2":129,"3":129,"4":129},"b":{"0":[1,58],"1":[59,58],"2":[1,57],"3":[58,2],"4":[2,56],"5":[1,55],"6":[56,56],"7":[5,50],"8":[2,53],"9":[8,47],"10":[8,47],"11":[74,34],"12":[32,2],"13":[2,30]},"meta":{"lastBranch":14,"lastFunction":5,"lastStatement":51,"seen":{"f:13:16:13:25":0,"b:15:2:17:Infinity:undefined:undefined:undefined:undefined":0,"s:15:2:17:Infinity":0,"b:15:6:15:20:15:20:15:51":1,"s:16:4:16:Infinity":1,"s:20:21:20:Infinity":2,"b:21:2:26:Infinity:undefined:undefined:undefined:undefined":2,"s:21:2:26:Infinity":3,"b:21:6:21:41:21:41:21:80":3,"s:22:4:25:Infinity":4,"s:29:17:29:Infinity":5,"s:30:14:30:Infinity":6,"s:33:22:33:Infinity":7,"b:34:2:36:Infinity:undefined:undefined:undefined:undefined":4,"s:34:2:36:Infinity":8,"s:35:4:35:Infinity":9,"s:39:21:39:Infinity":10,"b:40:2:42:Infinity:undefined:undefined:undefined:undefined":5,"s:40:2:42:Infinity":11,"b:40:6:40:21:40:21:40:65":6,"s:41:4:41:Infinity":12,"s:45:19:45:Infinity":13,"s:48:15:48:Infinity":14,"s:50:2:53:Infinity":15,"f:59:9:59:25":1,"s:60:32:60:Infinity":16,"s:62:18:62:Infinity":17,"b:63:2:63:Infinity:undefined:undefined:undefined:undefined":7,"s:63:2:63:Infinity":18,"s:63:15:63:Infinity":19,"s:65:16:65:Infinity":20,"b:66:2:66:Infinity:undefined:undefined:undefined:undefined":8,"s:66:2:66:Infinity":21,"s:66:13:66:Infinity":22,"s:68:16:68:Infinity":23,"b:69:2:69:Infinity:undefined:undefined:undefined:undefined":9,"s:69:2:69:Infinity":24,"s:69:13:69:Infinity":25,"s:71:17:71:Infinity":26,"b:72:2:72:Infinity:undefined:undefined:undefined:undefined":10,"s:72:2:72:Infinity":27,"s:72:14:72:Infinity":28,"s:74:2:74:Infinity":29,"f:80:9:80:23":2,"s:81:18:81:Infinity":30,"s:82:21:82:Infinity":31,"s:83:19:83:Infinity":32,"s:85:2:90:Infinity":33,"f:96:9:96:27":3,"s:97:37:97:Infinity":34,"s:99:2:105:Infinity":35,"s:99:15:99:18":36,"s:100:17:100:Infinity":37,"s:101:4:104:Infinity":38,"s:107:2:107:Infinity":39,"f:113:9:113:25":4,"s:114:30:114:Infinity":40,"s:116:2:136:Infinity":41,"s:116:15:116:18":42,"s:117:18:117:Infinity":43,"b:119:4:134:Infinity:122:4:134:Infinity":11,"s:119:4:134:Infinity":44,"s:121:6:121:Infinity":45,"b:122:4:134:Infinity:undefined:undefined:undefined:undefined":12,"s:122:4:134:Infinity":46,"s:124:26:124:Infinity":47,"b:125:6:133:Infinity:undefined:undefined:undefined:undefined":13,"s:125:6:133:Infinity":48,"s:126:8:132:Infinity":49,"s:138:2:138:Infinity":50}}}
,"/Users/taesoonpark/workspace/svg2tsx/src/entities/svg/model/types.ts": {"path":"/Users/taesoonpark/workspace/svg2tsx/src/entities/svg/model/types.ts","statementMap":{"0":{"start":{"line":46,"column":4},"end":{"line":46,"column":null}},"1":{"start":{"line":43,"column":20},"end":{"line":43,"column":null}},"2":{"start":{"line":44,"column":20},"end":{"line":44,"column":null}},"3":{"start":{"line":47,"column":4},"end":{"line":47,"column":null}}},"fnMap":{"0":{"name":"(anonymous_0)","decl":{"start":{"line":41,"column":2},"end":{"line":41,"column":null}},"loc":{"start":{"line":45,"column":4},"end":{"line":48,"column":null}},"line":45}},"branchMap":{},"s":{"0":4,"1":4,"2":4,"3":4},"f":{"0":4},"b":{},"meta":{"lastBranch":0,"lastFunction":1,"lastStatement":4,"seen":{"f:41:2:41:Infinity":0,"s:46:4:46:Infinity":0,"s:43:20:43:Infinity":1,"s:44:20:44:Infinity":2,"s:47:4:47:Infinity":3}}}
,"/Users/taesoonpark/workspace/svg2tsx/src/entities/tsx/model/generator.ts": {"path":"/Users/taesoonpark/workspace/svg2tsx/src/entities/tsx/model/generator.ts","statementMap":{"0":{"start":{"line":14,"column":52},"end":{"line":20,"column":null}},"1":{"start":{"line":29,"column":24},"end":{"line":29,"column":null}},"2":{"start":{"line":32,"column":21},"end":{"line":32,"column":null}},"3":{"start":{"line":35,"column":8},"end":{"line":38,"column":null}},"4":{"start":{"line":40,"column":2},"end":{"line":40,"column":null}},"5":{"start":{"line":51,"column":17},"end":{"line":51,"column":null}},"6":{"start":{"line":54,"column":2},"end":{"line":56,"column":null}},"7":{"start":{"line":55,"column":4},"end":{"line":55,"column":null}},"8":{"start":{"line":59,"column":18},"end":{"line":59,"column":null}},"9":{"start":{"line":60,"column":21},"end":{"line":60,"column":null}},"10":{"start":{"line":61,"column":22},"end":{"line":61,"column":null}},"11":{"start":{"line":64,"column":2},"end":{"line":69,"column":null}},"12":{"start":{"line":65,"column":4},"end":{"line":67,"column":null}},"13":{"start":{"line":66,"column":6},"end":{"line":66,"column":null}},"14":{"start":{"line":68,"column":4},"end":{"line":68,"column":null}},"15":{"start":{"line":72,"column":18},"end":{"line":72,"column":null}},"16":{"start":{"line":73,"column":19},"end":{"line":73,"column":null}},"17":{"start":{"line":76,"column":22},"end":{"line":83,"column":null}},"18":{"start":{"line":78,"column":6},"end":{"line":80,"column":null}},"19":{"start":{"line":79,"column":8},"end":{"line":79,"column":null}},"20":{"start":{"line":81,"column":6},"end":{"line":81,"column":null}},"21":{"start":{"line":86,"column":2},"end":{"line":88,"column":null}},"22":{"start":{"line":87,"column":4},"end":{"line":87,"column":null}},"23":{"start":{"line":91,"column":2},"end":{"line":91,"column":null}},"24":{"start":{"line":102,"column":32},"end":{"line":102,"column":null}},"25":{"start":{"line":104,"column":2},"end":{"line":140,"column":null}},"26":{"start":{"line":105,"column":28},"end":{"line":105,"column":null}},"27":{"start":{"line":108,"column":4},"end":{"line":110,"column":null}},"28":{"start":{"line":109,"column":6},"end":{"line":109,"column":null}},"29":{"start":{"line":113,"column":4},"end":{"line":115,"column":null}},"30":{"start":{"line":114,"column":6},"end":{"line":114,"column":null}},"31":{"start":{"line":118,"column":18},"end":{"line":118,"column":null}},"32":{"start":{"line":121,"column":21},"end":{"line":121,"column":null}},"33":{"start":{"line":124,"column":4},"end":{"line":128,"column":null}},"34":{"start":{"line":125,"column":6},"end":{"line":127,"column":null}},"35":{"start":{"line":126,"column":8},"end":{"line":126,"column":null}},"36":{"start":{"line":131,"column":4},"end":{"line":137,"column":null}},"37":{"start":{"line":132,"column":6},"end":{"line":136,"column":null}},"38":{"start":{"line":133,"column":8},"end":{"line":133,"column":null}},"39":{"start":{"line":134,"column":6},"end":{"line":136,"column":null}},"40":{"start":{"line":135,"column":8},"end":{"line":135,"column":null}},"41":{"start":{"line":139,"column":4},"end":{"line":139,"column":null}},"42":{"start":{"line":143,"column":2},"end":{"line":148,"column":null}},"43":{"start":{"line":144,"column":4},"end":{"line":146,"column":null}},"44":{"start":{"line":145,"column":6},"end":{"line":145,"column":null}},"45":{"start":{"line":147,"column":4},"end":{"line":147,"column":null}},"46":{"start":{"line":150,"column":2},"end":{"line":150,"column":null}},"47":{"start":{"line":158,"column":2},"end":{"line":160,"column":null}},"48":{"start":{"line":159,"column":4},"end":{"line":159,"column":null}},"49":{"start":{"line":163,"column":2},"end":{"line":165,"column":null}},"50":{"start":{"line":164,"column":4},"end":{"line":164,"column":null}},"51":{"start":{"line":168,"column":2},"end":{"line":168,"column":null}},"52":{"start":{"line":176,"column":2},"end":{"line":178,"column":null}},"53":{"start":{"line":177,"column":4},"end":{"line":177,"column":null}},"54":{"start":{"line":181,"column":2},"end":{"line":183,"column":null}},"55":{"start":{"line":182,"column":4},"end":{"line":182,"column":null}},"56":{"start":{"line":186,"column":2},"end":{"line":186,"column":null}},"57":{"start":{"line":193,"column":18},"end":{"line":193,"column":null}},"58":{"start":{"line":194,"column":2},"end":{"line":196,"column":null}},"59":{"start":{"line":195,"column":4},"end":{"line":195,"column":null}},"60":{"start":{"line":198,"column":27},"end":{"line":198,"column":null}},"61":{"start":{"line":199,"column":23},"end":{"line":199,"column":null}},"62":{"start":{"line":199,"column":54},"end":{"line":199,"column":62}},"63":{"start":{"line":201,"column":2},"end":{"line":207,"column":null}},"64":{"start":{"line":202,"column":24},"end":{"line":202,"column":null}},"65":{"start":{"line":202,"column":49},"end":{"line":202,"column":57}},"66":{"start":{"line":203,"column":4},"end":{"line":203,"column":null}},"67":{"start":{"line":203,"column":23},"end":{"line":203,"column":null}},"68":{"start":{"line":205,"column":22},"end":{"line":205,"column":null}},"69":{"start":{"line":206,"column":4},"end":{"line":206,"column":null}},"70":{"start":{"line":209,"column":2},"end":{"line":209,"column":null}},"71":{"start":{"line":216,"column":2},"end":{"line":216,"column":null}},"72":{"start":{"line":216,"column":49},"end":{"line":216,"column":69}},"73":{"start":{"line":224,"column":2},"end":{"line":224,"column":null}}},"fnMap":{"0":{"name":"generateTsx","decl":{"start":{"line":25,"column":16},"end":{"line":25,"column":null}},"loc":{"start":{"line":28,"column":10},"end":{"line":41,"column":null}},"line":28},"1":{"name":"nodeToJsx","decl":{"start":{"line":46,"column":9},"end":{"line":46,"column":null}},"loc":{"start":{"line":50,"column":10},"end":{"line":92,"column":null}},"line":50},"2":{"name":"(anonymous_2)","decl":{"start":{"line":77,"column":9},"end":{"line":77,"column":18}},"loc":{"start":{"line":77,"column":18},"end":{"line":82,"column":5}},"line":77},"3":{"name":"transformAttributes","decl":{"start":{"line":97,"column":9},"end":{"line":97,"column":null}},"loc":{"start":{"line":101,"column":10},"end":{"line":151,"column":null}},"line":101},"4":{"name":"transformAttributeName","decl":{"start":{"line":156,"column":9},"end":{"line":156,"column":32}},"loc":{"start":{"line":156,"column":54},"end":{"line":169,"column":null}},"line":156},"5":{"name":"transformAttributeValue","decl":{"start":{"line":174,"column":9},"end":{"line":174,"column":33}},"loc":{"start":{"line":174,"column":70},"end":{"line":187,"column":null}},"line":174},"6":{"name":"transformStyleValue","decl":{"start":{"line":192,"column":9},"end":{"line":192,"column":29}},"loc":{"start":{"line":192,"column":58},"end":{"line":210,"column":null}},"line":192},"7":{"name":"(anonymous_7)","decl":{"start":{"line":199,"column":49},"end":{"line":199,"column":54}},"loc":{"start":{"line":199,"column":54},"end":{"line":199,"column":62}},"line":199},"8":{"name":"(anonymous_8)","decl":{"start":{"line":202,"column":44},"end":{"line":202,"column":49}},"loc":{"start":{"line":202,"column":49},"end":{"line":202,"column":57}},"line":202},"9":{"name":"kebabToCamel","decl":{"start":{"line":215,"column":9},"end":{"line":215,"column":22}},"loc":{"start":{"line":215,"column":43},"end":{"line":217,"column":null}},"line":215},"10":{"name":"(anonymous_10)","decl":{"start":{"line":216,"column":34},"end":{"line":216,"column":35}},"loc":{"start":{"line":216,"column":49},"end":{"line":216,"column":69}},"line":216},"11":{"name":"isNumericValue","decl":{"start":{"line":222,"column":9},"end":{"line":222,"column":24}},"loc":{"start":{"line":222,"column":48},"end":{"line":225,"column":null}},"line":222}},"branchMap":{"0":{"loc":{"start":{"line":27,"column":2},"end":{"line":27,"column":null}},"type":"default-arg","locations":[{"start":{"line":27,"column":30},"end":{"line":27,"column":null}}],"line":27},"1":{"loc":{"start":{"line":54,"column":2},"end":{"line":56,"column":null}},"type":"if","locations":[{"start":{"line":54,"column":2},"end":{"line":56,"column":null}},{"start":{},"end":{}}],"line":54},"2":{"loc":{"start":{"line":55,"column":11},"end":{"line":55,"column":null}},"type":"binary-expr","locations":[{"start":{"line":55,"column":11},"end":{"line":55,"column":31}},{"start":{"line":55,"column":31},"end":{"line":55,"column":null}}],"line":55},"3":{"loc":{"start":{"line":64,"column":2},"end":{"line":69,"column":null}},"type":"if","locations":[{"start":{"line":64,"column":2},"end":{"line":69,"column":null}},{"start":{},"end":{}}],"line":64},"4":{"loc":{"start":{"line":65,"column":4},"end":{"line":67,"column":null}},"type":"if","locations":[{"start":{"line":65,"column":4},"end":{"line":67,"column":null}},{"start":{},"end":{}}],"line":65},"5":{"loc":{"start":{"line":72,"column":18},"end":{"line":72,"column":null}},"type":"cond-expr","locations":[{"start":{"line":72,"column":31},"end":{"line":72,"column":62}},{"start":{"line":72,"column":62},"end":{"line":72,"column":null}}],"line":72},"6":{"loc":{"start":{"line":78,"column":6},"end":{"line":80,"column":null}},"type":"if","locations":[{"start":{"line":78,"column":6},"end":{"line":80,"column":null}},{"start":{},"end":{}}],"line":78},"7":{"loc":{"start":{"line":79,"column":15},"end":{"line":79,"column":null}},"type":"binary-expr","locations":[{"start":{"line":79,"column":15},"end":{"line":79,"column":36}},{"start":{"line":79,"column":36},"end":{"line":79,"column":null}}],"line":79},"8":{"loc":{"start":{"line":86,"column":2},"end":{"line":88,"column":null}},"type":"if","locations":[{"start":{"line":86,"column":2},"end":{"line":88,"column":null}},{"start":{},"end":{}}],"line":86},"9":{"loc":{"start":{"line":86,"column":6},"end":{"line":86,"column":70}},"type":"binary-expr","locations":[{"start":{"line":86,"column":6},"end":{"line":86,"column":36}},{"start":{"line":86,"column":36},"end":{"line":86,"column":70}}],"line":86},"10":{"loc":{"start":{"line":108,"column":4},"end":{"line":110,"column":null}},"type":"if","locations":[{"start":{"line":108,"column":4},"end":{"line":110,"column":null}},{"start":{},"end":{}}],"line":108},"11":{"loc":{"start":{"line":108,"column":8},"end":{"line":108,"column":55}},"type":"binary-expr","locations":[{"start":{"line":108,"column":8},"end":{"line":108,"column":28}},{"start":{"line":108,"column":28},"end":{"line":108,"column":55}}],"line":108},"12":{"loc":{"start":{"line":113,"column":4},"end":{"line":115,"column":null}},"type":"if","locations":[{"start":{"line":113,"column":4},"end":{"line":115,"column":null}},{"start":{},"end":{}}],"line":113},"13":{"loc":{"start":{"line":113,"column":8},"end":{"line":113,"column":43}},"type":"binary-expr","locations":[{"start":{"line":113,"column":8},"end":{"line":113,"column":28}},{"start":{"line":113,"column":28},"end":{"line":113,"column":43}}],"line":113},"14":{"loc":{"start":{"line":124,"column":4},"end":{"line":128,"column":null}},"type":"if","locations":[{"start":{"line":124,"column":4},"end":{"line":128,"column":null}},{"start":{},"end":{}}],"line":124},"15":{"loc":{"start":{"line":124,"column":8},"end":{"line":124,"column":75}},"type":"binary-expr","locations":[{"start":{"line":124,"column":8},"end":{"line":124,"column":29}},{"start":{"line":124,"column":29},"end":{"line":124,"column":54}},{"start":{"line":124,"column":54},"end":{"line":124,"column":75}}],"line":124},"16":{"loc":{"start":{"line":125,"column":6},"end":{"line":127,"column":null}},"type":"if","locations":[{"start":{"line":125,"column":6},"end":{"line":127,"column":null}},{"start":{},"end":{}}],"line":125},"17":{"loc":{"start":{"line":131,"column":4},"end":{"line":137,"column":null}},"type":"if","locations":[{"start":{"line":131,"column":4},"end":{"line":137,"column":null}},{"start":{},"end":{}}],"line":131},"18":{"loc":{"start":{"line":131,"column":8},"end":{"line":131,"column":50}},"type":"binary-expr","locations":[{"start":{"line":131,"column":8},"end":{"line":131,"column":29}},{"start":{"line":131,"column":29},"end":{"line":131,"column":50}}],"line":131},"19":{"loc":{"start":{"line":132,"column":6},"end":{"line":136,"column":null}},"type":"if","locations":[{"start":{"line":132,"column":6},"end":{"line":136,"column":null}},{"start":{"line":134,"column":6},"end":{"line":136,"column":null}}],"line":132},"20":{"loc":{"start":{"line":132,"column":10},"end":{"line":132,"column":62}},"type":"binary-expr","locations":[{"start":{"line":132,"column":10},"end":{"line":132,"column":38}},{"start":{"line":132,"column":38},"end":{"line":132,"column":62}}],"line":132},"21":{"loc":{"start":{"line":134,"column":6},"end":{"line":136,"column":null}},"type":"if","locations":[{"start":{"line":134,"column":6},"end":{"line":136,"column":null}},{"start":{},"end":{}}],"line":134},"22":{"loc":{"start":{"line":134,"column":17},"end":{"line":134,"column":68}},"type":"binary-expr","locations":[{"start":{"line":134,"column":17},"end":{"line":134,"column":42}},{"start":{"line":134,"column":42},"end":{"line":134,"column":68}}],"line":134},"23":{"loc":{"start":{"line":143,"column":2},"end":{"line":148,"column":null}},"type":"if","locations":[{"start":{"line":143,"column":2},"end":{"line":148,"column":null}},{"start":{},"end":{}}],"line":143},"24":{"loc":{"start":{"line":143,"column":6},"end":{"line":143,"column":76}},"type":"binary-expr","locations":[{"start":{"line":143,"column":6},"end":{"line":143,"column":27}},{"start":{"line":143,"column":27},"end":{"line":143,"column":50}},{"start":{"line":143,"column":50},"end":{"line":143,"column":76}}],"line":143},"25":{"loc":{"start":{"line":144,"column":4},"end":{"line":146,"column":null}},"type":"if","locations":[{"start":{"line":144,"column":4},"end":{"line":146,"column":null}},{"start":{},"end":{}}],"line":144},"26":{"loc":{"start":{"line":158,"column":2},"end":{"line":160,"column":null}},"type":"if","locations":[{"start":{"line":158,"column":2},"end":{"line":160,"column":null}},{"start":{},"end":{}}],"line":158},"27":{"loc":{"start":{"line":163,"column":2},"end":{"line":165,"column":null}},"type":"if","locations":[{"start":{"line":163,"column":2},"end":{"line":165,"column":null}},{"start":{},"end":{}}],"line":163},"28":{"loc":{"start":{"line":176,"column":2},"end":{"line":178,"column":null}},"type":"if","locations":[{"start":{"line":176,"column":2},"end":{"line":178,"column":null}},{"start":{},"end":{}}],"line":176},"29":{"loc":{"start":{"line":181,"column":2},"end":{"line":183,"column":null}},"type":"if","locations":[{"start":{"line":181,"column":2},"end":{"line":183,"column":null}},{"start":{},"end":{}}],"line":181},"30":{"loc":{"start":{"line":194,"column":2},"end":{"line":196,"column":null}},"type":"if","locations":[{"start":{"line":194,"column":2},"end":{"line":196,"column":null}},{"start":{},"end":{}}],"line":194},"31":{"loc":{"start":{"line":203,"column":4},"end":{"line":203,"column":null}},"type":"if","locations":[{"start":{"line":203,"column":4},"end":{"line":203,"column":null}},{"start":{},"end":{}}],"line":203},"32":{"loc":{"start":{"line":203,"column":8},"end":{"line":203,"column":23}},"type":"binary-expr","locations":[{"start":{"line":203,"column":8},"end":{"line":203,"column":17}},{"start":{"line":203,"column":17},"end":{"line":203,"column":23}}],"line":203}},"s":{"0":2,"1":28,"2":28,"3":28,"4":28,"5":63,"6":63,"7":0,"8":63,"9":63,"10":63,"11":63,"12":31,"13":18,"14":13,"15":32,"16":63,"17":63,"18":36,"19":1,"20":35,"21":63,"22":1,"23":31,"24":63,"25":63,"26":61,"27":61,"28":2,"29":59,"30":1,"31":58,"32":58,"33":58,"34":8,"35":1,"36":58,"37":16,"38":4,"39":12,"40":1,"41":58,"42":63,"43":22,"44":2,"45":22,"46":63,"47":58,"48":1,"49":57,"50":1,"51":56,"52":58,"53":2,"54":56,"55":44,"56":12,"57":2,"58":2,"59":0,"60":2,"61":2,"62":6,"63":2,"64":4,"65":8,"66":4,"67":0,"68":4,"69":4,"70":2,"71":60,"72":9,"73":56},"f":{"0":28,"1":63,"2":36,"3":63,"4":58,"5":58,"6":2,"7":6,"8":8,"9":60,"10":9,"11":56},"b":{"0":[28],"1":[0,63],"2":[0,0],"3":[31,32],"4":[18,13],"5":[28,4],"6":[1,35],"7":[1,0],"8":[1,62],"9":[63,29],"10":[2,59],"11":[61,60],"12":[1,58],"13":[59,3],"14":[8,50],"15":[58,16,8],"16":[1,7],"17":[16,42],"18":[58,16],"19":[4,12],"20":[16,4],"21":[1,11],"22":[12,8],"23":[22,41],"24":[63,28,27],"25":[2,20],"26":[1,57],"27":[1,56],"28":[2,56],"29":[44,12],"30":[0,2],"31":[0,4],"32":[4,4]},"meta":{"lastBranch":33,"lastFunction":12,"lastStatement":74,"seen":{"s:14:52:20:Infinity":0,"f:25:16:25:Infinity":0,"b:27:30:27:Infinity":0,"s:29:24:29:Infinity":1,"s:32:21:32:Infinity":2,"s:35:8:38:Infinity":3,"s:40:2:40:Infinity":4,"f:46:9:46:Infinity":1,"s:51:17:51:Infinity":5,"b:54:2:56:Infinity:undefined:undefined:undefined:undefined":1,"s:54:2:56:Infinity":6,"s:55:4:55:Infinity":7,"b:55:11:55:31:55:31:55:Infinity":2,"s:59:18:59:Infinity":8,"s:60:21:60:Infinity":9,"s:61:22:61:Infinity":10,"b:64:2:69:Infinity:undefined:undefined:undefined:undefined":3,"s:64:2:69:Infinity":11,"b:65:4:67:Infinity:undefined:undefined:undefined:undefined":4,"s:65:4:67:Infinity":12,"s:66:6:66:Infinity":13,"s:68:4:68:Infinity":14,"s:72:18:72:Infinity":15,"b:72:31:72:62:72:62:72:Infinity":5,"s:73:19:73:Infinity":16,"s:76:22:83:Infinity":17,"f:77:9:77:18":2,"b:78:6:80:Infinity:undefined:undefined:undefined:undefined":6,"s:78:6:80:Infinity":18,"s:79:8:79:Infinity":19,"b:79:15:79:36:79:36:79:Infinity":7,"s:81:6:81:Infinity":20,"b:86:2:88:Infinity:undefined:undefined:undefined:undefined":8,"s:86:2:88:Infinity":21,"b:86:6:86:36:86:36:86:70":9,"s:87:4:87:Infinity":22,"s:91:2:91:Infinity":23,"f:97:9:97:Infinity":3,"s:102:32:102:Infinity":24,"s:104:2:140:Infinity":25,"s:105:28:105:Infinity":26,"b:108:4:110:Infinity:undefined:undefined:undefined:undefined":10,"s:108:4:110:Infinity":27,"b:108:8:108:28:108:28:108:55":11,"s:109:6:109:Infinity":28,"b:113:4:115:Infinity:undefined:undefined:undefined:undefined":12,"s:113:4:115:Infinity":29,"b:113:8:113:28:113:28:113:43":13,"s:114:6:114:Infinity":30,"s:118:18:118:Infinity":31,"s:121:21:121:Infinity":32,"b:124:4:128:Infinity:undefined:undefined:undefined:undefined":14,"s:124:4:128:Infinity":33,"b:124:8:124:29:124:29:124:54:124:54:124:75":15,"b:125:6:127:Infinity:undefined:undefined:undefined:undefined":16,"s:125:6:127:Infinity":34,"s:126:8:126:Infinity":35,"b:131:4:137:Infinity:undefined:undefined:undefined:undefined":17,"s:131:4:137:Infinity":36,"b:131:8:131:29:131:29:131:50":18,"b:132:6:136:Infinity:134:6:136:Infinity":19,"s:132:6:136:Infinity":37,"b:132:10:132:38:132:38:132:62":20,"s:133:8:133:Infinity":38,"b:134:6:136:Infinity:undefined:undefined:undefined:undefined":21,"s:134:6:136:Infinity":39,"b:134:17:134:42:134:42:134:68":22,"s:135:8:135:Infinity":40,"s:139:4:139:Infinity":41,"b:143:2:148:Infinity:undefined:undefined:undefined:undefined":23,"s:143:2:148:Infinity":42,"b:143:6:143:27:143:27:143:50:143:50:143:76":24,"b:144:4:146:Infinity:undefined:undefined:undefined:undefined":25,"s:144:4:146:Infinity":43,"s:145:6:145:Infinity":44,"s:147:4:147:Infinity":45,"s:150:2:150:Infinity":46,"f:156:9:156:32":4,"b:158:2:160:Infinity:undefined:undefined:undefined:undefined":26,"s:158:2:160:Infinity":47,"s:159:4:159:Infinity":48,"b:163:2:165:Infinity:undefined:undefined:undefined:undefined":27,"s:163:2:165:Infinity":49,"s:164:4:164:Infinity":50,"s:168:2:168:Infinity":51,"f:174:9:174:33":5,"b:176:2:178:Infinity:undefined:undefined:undefined:undefined":28,"s:176:2:178:Infinity":52,"s:177:4:177:Infinity":53,"b:181:2:183:Infinity:undefined:undefined:undefined:undefined":29,"s:181:2:183:Infinity":54,"s:182:4:182:Infinity":55,"s:186:2:186:Infinity":56,"f:192:9:192:29":6,"s:193:18:193:Infinity":57,"b:194:2:196:Infinity:undefined:undefined:undefined:undefined":30,"s:194:2:196:Infinity":58,"s:195:4:195:Infinity":59,"s:198:27:198:Infinity":60,"s:199:23:199:Infinity":61,"f:199:49:199:54":7,"s:199:54:199:62":62,"s:201:2:207:Infinity":63,"s:202:24:202:Infinity":64,"f:202:44:202:49":8,"s:202:49:202:57":65,"b:203:4:203:Infinity:undefined:undefined:undefined:undefined":31,"s:203:4:203:Infinity":66,"b:203:8:203:17:203:17:203:23":32,"s:203:23:203:Infinity":67,"s:205:22:205:Infinity":68,"s:206:4:206:Infinity":69,"s:209:2:209:Infinity":70,"f:215:9:215:22":9,"s:216:2:216:Infinity":71,"f:216:34:216:35":10,"s:216:49:216:69":72,"f:222:9:222:24":11,"s:224:2:224:Infinity":73}}}
,"/Users/taesoonpark/workspace/svg2tsx/src/entities/tsx/model/templates.ts": {"path":"/Users/taesoonpark/workspace/svg2tsx/src/entities/tsx/model/templates.ts","statementMap":{"0":{"start":{"line":11,"column":65},"end":{"line":11,"column":null}},"1":{"start":{"line":13,"column":20},"end":{"line":13,"column":null}},"2":{"start":{"line":14,"column":21},"end":{"line":14,"column":null}},"3":{"start":{"line":16,"column":2},"end":{"line":18,"column":null}},"4":{"start":{"line":27,"column":65},"end":{"line":27,"column":null}},"5":{"start":{"line":29,"column":20},"end":{"line":29,"column":null}},"6":{"start":{"line":30,"column":21},"end":{"line":30,"column":null}},"7":{"start":{"line":32,"column":2},"end":{"line":38,"column":null}},"8":{"start":{"line":45,"column":65},"end":{"line":45,"column":null}},"9":{"start":{"line":47,"column":20},"end":{"line":47,"column":null}},"10":{"start":{"line":48,"column":18},"end":{"line":48,"column":null}},"11":{"start":{"line":49,"column":21},"end":{"line":49,"column":null}},"12":{"start":{"line":51,"column":2},"end":{"line":59,"column":null}},"13":{"start":{"line":66,"column":65},"end":{"line":66,"column":null}},"14":{"start":{"line":68,"column":20},"end":{"line":68,"column":null}},"15":{"start":{"line":69,"column":18},"end":{"line":69,"column":null}},"16":{"start":{"line":70,"column":21},"end":{"line":70,"column":null}},"17":{"start":{"line":72,"column":2},"end":{"line":82,"column":null}},"18":{"start":{"line":89,"column":37},"end":{"line":89,"column":null}},"19":{"start":{"line":91,"column":2},"end":{"line":93,"column":null}},"20":{"start":{"line":92,"column":4},"end":{"line":92,"column":null}},"21":{"start":{"line":95,"column":2},"end":{"line":97,"column":null}},"22":{"start":{"line":96,"column":4},"end":{"line":96,"column":null}},"23":{"start":{"line":99,"column":2},"end":{"line":101,"column":null}},"24":{"start":{"line":100,"column":4},"end":{"line":100,"column":null}},"25":{"start":{"line":103,"column":2},"end":{"line":103,"column":null}}},"fnMap":{"0":{"name":"getBasicTemplate","decl":{"start":{"line":10,"column":9},"end":{"line":10,"column":26}},"loc":{"start":{"line":10,"column":60},"end":{"line":21,"column":null}},"line":10},"1":{"name":"getMemoTemplate","decl":{"start":{"line":26,"column":9},"end":{"line":26,"column":25}},"loc":{"start":{"line":26,"column":59},"end":{"line":39,"column":null}},"line":26},"2":{"name":"getForwardRefTemplate","decl":{"start":{"line":44,"column":9},"end":{"line":44,"column":31}},"loc":{"start":{"line":44,"column":65},"end":{"line":60,"column":null}},"line":44},"3":{"name":"getMemoForwardRefTemplate","decl":{"start":{"line":65,"column":9},"end":{"line":65,"column":35}},"loc":{"start":{"line":65,"column":69},"end":{"line":83,"column":null}},"line":65},"4":{"name":"getTemplate","decl":{"start":{"line":88,"column":16},"end":{"line":88,"column":28}},"loc":{"start":{"line":88,"column":62},"end":{"line":104,"column":null}},"line":88}},"branchMap":{"0":{"loc":{"start":{"line":13,"column":20},"end":{"line":13,"column":null}},"type":"cond-expr","locations":[{"start":{"line":13,"column":33},"end":{"line":13,"column":69}},{"start":{"line":13,"column":69},"end":{"line":13,"column":null}}],"line":13},"1":{"loc":{"start":{"line":14,"column":21},"end":{"line":14,"column":null}},"type":"cond-expr","locations":[{"start":{"line":14,"column":35},"end":{"line":14,"column":45}},{"start":{"line":14,"column":45},"end":{"line":14,"column":null}}],"line":14},"2":{"loc":{"start":{"line":29,"column":20},"end":{"line":29,"column":null}},"type":"cond-expr","locations":[{"start":{"line":29,"column":33},"end":{"line":29,"column":69}},{"start":{"line":29,"column":69},"end":{"line":29,"column":null}}],"line":29},"3":{"loc":{"start":{"line":30,"column":21},"end":{"line":30,"column":null}},"type":"cond-expr","locations":[{"start":{"line":30,"column":35},"end":{"line":30,"column":45}},{"start":{"line":30,"column":45},"end":{"line":30,"column":null}}],"line":30},"4":{"loc":{"start":{"line":47,"column":20},"end":{"line":47,"column":null}},"type":"cond-expr","locations":[{"start":{"line":47,"column":33},"end":{"line":47,"column":67}},{"start":{"line":47,"column":67},"end":{"line":47,"column":null}}],"line":47},"5":{"loc":{"start":{"line":48,"column":18},"end":{"line":48,"column":null}},"type":"cond-expr","locations":[{"start":{"line":48,"column":31},"end":{"line":48,"column":49}},{"start":{"line":48,"column":49},"end":{"line":48,"column":null}}],"line":48},"6":{"loc":{"start":{"line":49,"column":21},"end":{"line":49,"column":null}},"type":"cond-expr","locations":[{"start":{"line":49,"column":35},"end":{"line":49,"column":45}},{"start":{"line":49,"column":45},"end":{"line":49,"column":null}}],"line":49},"7":{"loc":{"start":{"line":68,"column":20},"end":{"line":68,"column":null}},"type":"cond-expr","locations":[{"start":{"line":68,"column":33},"end":{"line":68,"column":67}},{"start":{"line":68,"column":67},"end":{"line":68,"column":null}}],"line":68},"8":{"loc":{"start":{"line":69,"column":18},"end":{"line":69,"column":null}},"type":"cond-expr","locations":[{"start":{"line":69,"column":31},"end":{"line":69,"column":49}},{"start":{"line":69,"column":49},"end":{"line":69,"column":null}}],"line":69},"9":{"loc":{"start":{"line":70,"column":21},"end":{"line":70,"column":null}},"type":"cond-expr","locations":[{"start":{"line":70,"column":35},"end":{"line":70,"column":45}},{"start":{"line":70,"column":45},"end":{"line":70,"column":null}}],"line":70},"10":{"loc":{"start":{"line":91,"column":2},"end":{"line":93,"column":null}},"type":"if","locations":[{"start":{"line":91,"column":2},"end":{"line":93,"column":null}},{"start":{},"end":{}}],"line":91},"11":{"loc":{"start":{"line":91,"column":6},"end":{"line":91,"column":32}},"type":"binary-expr","locations":[{"start":{"line":91,"column":6},"end":{"line":91,"column":17}},{"start":{"line":91,"column":17},"end":{"line":91,"column":32}}],"line":91},"12":{"loc":{"start":{"line":95,"column":2},"end":{"line":97,"column":null}},"type":"if","locations":[{"start":{"line":95,"column":2},"end":{"line":97,"column":null}},{"start":{},"end":{}}],"line":95},"13":{"loc":{"start":{"line":99,"column":2},"end":{"line":101,"column":null}},"type":"if","locations":[{"start":{"line":99,"column":2},"end":{"line":101,"column":null}},{"start":{},"end":{}}],"line":99}},"s":{"0":23,"1":23,"2":23,"3":23,"4":2,"5":2,"6":2,"7":2,"8":2,"9":2,"10":2,"11":2,"12":2,"13":1,"14":1,"15":1,"16":1,"17":1,"18":28,"19":28,"20":1,"21":27,"22":2,"23":25,"24":2,"25":23},"f":{"0":23,"1":2,"2":2,"3":1,"4":28},"b":{"0":[22,1],"1":[22,1],"2":[1,1],"3":[2,0],"4":[2,0],"5":[2,0],"6":[2,0],"7":[1,0],"8":[1,0],"9":[1,0],"10":[1,27],"11":[28,3],"12":[2,25],"13":[2,23]},"meta":{"lastBranch":14,"lastFunction":5,"lastStatement":26,"seen":{"f:10:9:10:26":0,"s:11:65:11:Infinity":0,"s:13:20:13:Infinity":1,"b:13:33:13:69:13:69:13:Infinity":0,"s:14:21:14:Infinity":2,"b:14:35:14:45:14:45:14:Infinity":1,"s:16:2:18:Infinity":3,"f:26:9:26:25":1,"s:27:65:27:Infinity":4,"s:29:20:29:Infinity":5,"b:29:33:29:69:29:69:29:Infinity":2,"s:30:21:30:Infinity":6,"b:30:35:30:45:30:45:30:Infinity":3,"s:32:2:38:Infinity":7,"f:44:9:44:31":2,"s:45:65:45:Infinity":8,"s:47:20:47:Infinity":9,"b:47:33:47:67:47:67:47:Infinity":4,"s:48:18:48:Infinity":10,"b:48:31:48:49:48:49:48:Infinity":5,"s:49:21:49:Infinity":11,"b:49:35:49:45:49:45:49:Infinity":6,"s:51:2:59:Infinity":12,"f:65:9:65:35":3,"s:66:65:66:Infinity":13,"s:68:20:68:Infinity":14,"b:68:33:68:67:68:67:68:Infinity":7,"s:69:18:69:Infinity":15,"b:69:31:69:49:69:49:69:Infinity":8,"s:70:21:70:Infinity":16,"b:70:35:70:45:70:45:70:Infinity":9,"s:72:2:82:Infinity":17,"f:88:16:88:28":4,"s:89:37:89:Infinity":18,"b:91:2:93:Infinity:undefined:undefined:undefined:undefined":10,"s:91:2:93:Infinity":19,"b:91:6:91:17:91:17:91:32":11,"s:92:4:92:Infinity":20,"b:95:2:97:Infinity:undefined:undefined:undefined:undefined":12,"s:95:2:97:Infinity":21,"s:96:4:96:Infinity":22,"b:99:2:101:Infinity:undefined:undefined:undefined:undefined":13,"s:99:2:101:Infinity":23,"s:100:4:100:Infinity":24,"s:103:2:103:Infinity":25}}}
,"/Users/taesoonpark/workspace/svg2tsx/src/shared/lib/utils.ts": {"path":"/Users/taesoonpark/workspace/svg2tsx/src/shared/lib/utils.ts","statementMap":{"0":{"start":{"line":5,"column":2},"end":{"line":5,"column":null}}},"fnMap":{"0":{"name":"cn","decl":{"start":{"line":4,"column":16},"end":{"line":4,"column":22}},"loc":{"start":{"line":4,"column":44},"end":{"line":6,"column":null}},"line":4}},"branchMap":{},"s":{"0":3},"f":{"0":3},"b":{},"meta":{"lastBranch":0,"lastFunction":1,"lastStatement":1,"seen":{"f:4:16:4:22":0,"s:5:2:5:Infinity":0}}}
}
